<?xml version="1.0" encoding="UTF-8"?>
<testsuite xmlns:xsi="http://www.w3.org/2001/XMLSchema-instance" xsi:noNamespaceSchemaLocation="https://maven.apache.org/surefire/maven-surefire-plugin/xsd/surefire-test-report-3.0.xsd" version="3.0" name="TestSuite" time="246.789" tests="7" errors="0" skipped="0" failures="0">
  <properties>
    <property name="java.specification.version" value="17"/>
    <property name="sun.cpu.isalist" value="amd64"/>
    <property name="sun.jnu.encoding" value="Cp1252"/>
    <property name="java.class.path" value="D:\My Job\QA Engineer\Template for QA Project\Template Code Framework Selenium\Original Source\LumaStoreProject\target\test-classes;D:\My Job\QA Engineer\Template for QA Project\Template Code Framework Selenium\Original Source\LumaStoreProject\target\classes;C:\Users\user\.m2\repository\junit\junit\4.11\junit-4.11.jar;C:\Users\user\.m2\repository\org\hamcrest\hamcrest-core\1.3\hamcrest-core-1.3.jar;C:\Users\user\.m2\repository\org\seleniumhq\selenium\selenium-java\4.21.0\selenium-java-4.21.0.jar;C:\Users\user\.m2\repository\org\seleniumhq\selenium\selenium-api\4.21.0\selenium-api-4.21.0.jar;C:\Users\user\.m2\repository\org\seleniumhq\selenium\selenium-chrome-driver\4.21.0\selenium-chrome-driver-4.21.0.jar;C:\Users\user\.m2\repository\com\google\auto\service\auto-service-annotations\1.1.1\auto-service-annotations-1.1.1.jar;C:\Users\user\.m2\repository\org\seleniumhq\selenium\selenium-chromium-driver\4.21.0\selenium-chromium-driver-4.21.0.jar;C:\Users\user\.m2\repository\org\seleniumhq\selenium\selenium-json\4.21.0\selenium-json-4.21.0.jar;C:\Users\user\.m2\repository\org\seleniumhq\selenium\selenium-manager\4.21.0\selenium-manager-4.21.0.jar;C:\Users\user\.m2\repository\org\seleniumhq\selenium\selenium-devtools-v123\4.21.0\selenium-devtools-v123-4.21.0.jar;C:\Users\user\.m2\repository\org\seleniumhq\selenium\selenium-devtools-v124\4.21.0\selenium-devtools-v124-4.21.0.jar;C:\Users\user\.m2\repository\org\seleniumhq\selenium\selenium-devtools-v125\4.21.0\selenium-devtools-v125-4.21.0.jar;C:\Users\user\.m2\repository\org\seleniumhq\selenium\selenium-devtools-v85\4.21.0\selenium-devtools-v85-4.21.0.jar;C:\Users\user\.m2\repository\org\seleniumhq\selenium\selenium-edge-driver\4.21.0\selenium-edge-driver-4.21.0.jar;C:\Users\user\.m2\repository\org\seleniumhq\selenium\selenium-firefox-driver\4.21.0\selenium-firefox-driver-4.21.0.jar;C:\Users\user\.m2\repository\org\seleniumhq\selenium\selenium-http\4.21.0\selenium-http-4.21.0.jar;C:\Users\user\.m2\repository\dev\failsafe\failsafe\3.3.2\failsafe-3.3.2.jar;C:\Users\user\.m2\repository\org\seleniumhq\selenium\selenium-ie-driver\4.21.0\selenium-ie-driver-4.21.0.jar;C:\Users\user\.m2\repository\org\seleniumhq\selenium\selenium-remote-driver\4.21.0\selenium-remote-driver-4.21.0.jar;C:\Users\user\.m2\repository\com\google\guava\guava\33.2.0-jre\guava-33.2.0-jre.jar;C:\Users\user\.m2\repository\com\google\guava\failureaccess\1.0.2\failureaccess-1.0.2.jar;C:\Users\user\.m2\repository\com\google\guava\listenablefuture\9999.0-empty-to-avoid-conflict-with-guava\listenablefuture-9999.0-empty-to-avoid-conflict-with-guava.jar;C:\Users\user\.m2\repository\com\google\code\findbugs\jsr305\3.0.2\jsr305-3.0.2.jar;C:\Users\user\.m2\repository\org\checkerframework\checker-qual\3.42.0\checker-qual-3.42.0.jar;C:\Users\user\.m2\repository\com\google\errorprone\error_prone_annotations\2.26.1\error_prone_annotations-2.26.1.jar;C:\Users\user\.m2\repository\com\google\j2objc\j2objc-annotations\3.0.0\j2objc-annotations-3.0.0.jar;C:\Users\user\.m2\repository\io\opentelemetry\semconv\opentelemetry-semconv\1.25.0-alpha\opentelemetry-semconv-1.25.0-alpha.jar;C:\Users\user\.m2\repository\io\opentelemetry\opentelemetry-api\1.38.0\opentelemetry-api-1.38.0.jar;C:\Users\user\.m2\repository\io\opentelemetry\opentelemetry-context\1.38.0\opentelemetry-context-1.38.0.jar;C:\Users\user\.m2\repository\io\opentelemetry\opentelemetry-exporter-logging\1.38.0\opentelemetry-exporter-logging-1.38.0.jar;C:\Users\user\.m2\repository\io\opentelemetry\opentelemetry-sdk-common\1.38.0\opentelemetry-sdk-common-1.38.0.jar;C:\Users\user\.m2\repository\io\opentelemetry\opentelemetry-sdk-extension-autoconfigure-spi\1.38.0\opentelemetry-sdk-extension-autoconfigure-spi-1.38.0.jar;C:\Users\user\.m2\repository\io\opentelemetry\opentelemetry-sdk-extension-autoconfigure\1.38.0\opentelemetry-sdk-extension-autoconfigure-1.38.0.jar;C:\Users\user\.m2\repository\io\opentelemetry\opentelemetry-api-incubator\1.38.0-alpha\opentelemetry-api-incubator-1.38.0-alpha.jar;C:\Users\user\.m2\repository\io\opentelemetry\opentelemetry-sdk-trace\1.38.0\opentelemetry-sdk-trace-1.38.0.jar;C:\Users\user\.m2\repository\io\opentelemetry\opentelemetry-sdk\1.38.0\opentelemetry-sdk-1.38.0.jar;C:\Users\user\.m2\repository\io\opentelemetry\opentelemetry-sdk-metrics\1.38.0\opentelemetry-sdk-metrics-1.38.0.jar;C:\Users\user\.m2\repository\io\opentelemetry\opentelemetry-sdk-logs\1.38.0\opentelemetry-sdk-logs-1.38.0.jar;C:\Users\user\.m2\repository\net\bytebuddy\byte-buddy\1.14.15\byte-buddy-1.14.15.jar;C:\Users\user\.m2\repository\org\seleniumhq\selenium\selenium-os\4.21.0\selenium-os-4.21.0.jar;C:\Users\user\.m2\repository\org\apache\commons\commons-exec\1.4.0\commons-exec-1.4.0.jar;C:\Users\user\.m2\repository\org\seleniumhq\selenium\selenium-safari-driver\4.21.0\selenium-safari-driver-4.21.0.jar;C:\Users\user\.m2\repository\org\seleniumhq\selenium\selenium-support\4.21.0\selenium-support-4.21.0.jar;C:\Users\user\.m2\repository\org\testng\testng\6.14.3\testng-6.14.3.jar;C:\Users\user\.m2\repository\com\beust\jcommander\1.72\jcommander-1.72.jar;C:\Users\user\.m2\repository\org\apache-extras\beanshell\bsh\2.0b6\bsh-2.0b6.jar;C:\Users\user\.m2\repository\org\apache\poi\poi\3.17\poi-3.17.jar;C:\Users\user\.m2\repository\commons-codec\commons-codec\1.10\commons-codec-1.10.jar;C:\Users\user\.m2\repository\org\apache\commons\commons-collections4\4.1\commons-collections4-4.1.jar;C:\Users\user\.m2\repository\org\apache\poi\poi-ooxml\3.17\poi-ooxml-3.17.jar;C:\Users\user\.m2\repository\org\apache\poi\poi-ooxml-schemas\3.17\poi-ooxml-schemas-3.17.jar;C:\Users\user\.m2\repository\org\apache\xmlbeans\xmlbeans\2.6.0\xmlbeans-2.6.0.jar;C:\Users\user\.m2\repository\stax\stax-api\1.0.1\stax-api-1.0.1.jar;C:\Users\user\.m2\repository\com\github\virtuald\curvesapi\1.04\curvesapi-1.04.jar;C:\Users\user\.m2\repository\com\aventstack\extentreports\3.1.2\extentreports-3.1.2.jar;C:\Users\user\.m2\repository\org\freemarker\freemarker\2.3.23\freemarker-2.3.23.jar;C:\Users\user\.m2\repository\org\mongodb\mongodb-driver\3.3.0\mongodb-driver-3.3.0.jar;C:\Users\user\.m2\repository\org\mongodb\bson\3.3.0\bson-3.3.0.jar;C:\Users\user\.m2\repository\org\mongodb\mongodb-driver-core\3.3.0\mongodb-driver-core-3.3.0.jar;C:\Users\user\.m2\repository\org\apache\httpcomponents\httpclient\4.5.2\httpclient-4.5.2.jar;C:\Users\user\.m2\repository\org\apache\httpcomponents\httpcore\4.4.4\httpcore-4.4.4.jar;C:\Users\user\.m2\repository\commons-logging\commons-logging\1.2\commons-logging-1.2.jar;C:\Users\user\.m2\repository\org\apache\httpcomponents\httpmime\4.5.2\httpmime-4.5.2.jar;C:\Users\user\.m2\repository\org\jsoup\jsoup\1.9.2\jsoup-1.9.2.jar;C:\Users\user\.m2\repository\com\google\code\gson\gson\2.8.0\gson-2.8.0.jar;C:\Users\user\.m2\repository\org\apache\commons\commons-lang3\3.0\commons-lang3-3.0.jar;C:\Users\user\.m2\repository\commons-io\commons-io\1.3.2\commons-io-1.3.2.jar;C:\Users\user\.m2\repository\log4j\log4j\1.2.17\log4j-1.2.17.jar;"/>
    <property name="java.vm.vendor" value="Oracle Corporation"/>
    <property name="sun.arch.data.model" value="64"/>
    <property name="user.variant" value=""/>
    <property name="java.vendor.url" value="https://java.oracle.com/"/>
    <property name="user.timezone" value="Asia/Jakarta"/>
    <property name="os.name" value="Windows 10"/>
    <property name="java.vm.specification.version" value="17"/>
    <property name="sun.java.launcher" value="SUN_STANDARD"/>
    <property name="user.country" value="ID"/>
    <property name="sun.boot.library.path" value="C:\Program Files\Java\jdk-17\bin"/>
    <property name="sun.java.command" value="C:\Users\user\AppData\Local\Temp\surefire6642967964586011525\surefirebooter-20240601150527640_3.jar C:\Users\user\AppData\Local\Temp\surefire6642967964586011525 2024-06-01T15-05-27_360-jvmRun1 surefire-20240601150527640_1tmp surefire_0-20240601150527640_2tmp"/>
    <property name="jdk.debug" value="release"/>
    <property name="surefire.test.class.path" value="D:\My Job\QA Engineer\Template for QA Project\Template Code Framework Selenium\Original Source\LumaStoreProject\target\test-classes;D:\My Job\QA Engineer\Template for QA Project\Template Code Framework Selenium\Original Source\LumaStoreProject\target\classes;C:\Users\user\.m2\repository\junit\junit\4.11\junit-4.11.jar;C:\Users\user\.m2\repository\org\hamcrest\hamcrest-core\1.3\hamcrest-core-1.3.jar;C:\Users\user\.m2\repository\org\seleniumhq\selenium\selenium-java\4.21.0\selenium-java-4.21.0.jar;C:\Users\user\.m2\repository\org\seleniumhq\selenium\selenium-api\4.21.0\selenium-api-4.21.0.jar;C:\Users\user\.m2\repository\org\seleniumhq\selenium\selenium-chrome-driver\4.21.0\selenium-chrome-driver-4.21.0.jar;C:\Users\user\.m2\repository\com\google\auto\service\auto-service-annotations\1.1.1\auto-service-annotations-1.1.1.jar;C:\Users\user\.m2\repository\org\seleniumhq\selenium\selenium-chromium-driver\4.21.0\selenium-chromium-driver-4.21.0.jar;C:\Users\user\.m2\repository\org\seleniumhq\selenium\selenium-json\4.21.0\selenium-json-4.21.0.jar;C:\Users\user\.m2\repository\org\seleniumhq\selenium\selenium-manager\4.21.0\selenium-manager-4.21.0.jar;C:\Users\user\.m2\repository\org\seleniumhq\selenium\selenium-devtools-v123\4.21.0\selenium-devtools-v123-4.21.0.jar;C:\Users\user\.m2\repository\org\seleniumhq\selenium\selenium-devtools-v124\4.21.0\selenium-devtools-v124-4.21.0.jar;C:\Users\user\.m2\repository\org\seleniumhq\selenium\selenium-devtools-v125\4.21.0\selenium-devtools-v125-4.21.0.jar;C:\Users\user\.m2\repository\org\seleniumhq\selenium\selenium-devtools-v85\4.21.0\selenium-devtools-v85-4.21.0.jar;C:\Users\user\.m2\repository\org\seleniumhq\selenium\selenium-edge-driver\4.21.0\selenium-edge-driver-4.21.0.jar;C:\Users\user\.m2\repository\org\seleniumhq\selenium\selenium-firefox-driver\4.21.0\selenium-firefox-driver-4.21.0.jar;C:\Users\user\.m2\repository\org\seleniumhq\selenium\selenium-http\4.21.0\selenium-http-4.21.0.jar;C:\Users\user\.m2\repository\dev\failsafe\failsafe\3.3.2\failsafe-3.3.2.jar;C:\Users\user\.m2\repository\org\seleniumhq\selenium\selenium-ie-driver\4.21.0\selenium-ie-driver-4.21.0.jar;C:\Users\user\.m2\repository\org\seleniumhq\selenium\selenium-remote-driver\4.21.0\selenium-remote-driver-4.21.0.jar;C:\Users\user\.m2\repository\com\google\guava\guava\33.2.0-jre\guava-33.2.0-jre.jar;C:\Users\user\.m2\repository\com\google\guava\failureaccess\1.0.2\failureaccess-1.0.2.jar;C:\Users\user\.m2\repository\com\google\guava\listenablefuture\9999.0-empty-to-avoid-conflict-with-guava\listenablefuture-9999.0-empty-to-avoid-conflict-with-guava.jar;C:\Users\user\.m2\repository\com\google\code\findbugs\jsr305\3.0.2\jsr305-3.0.2.jar;C:\Users\user\.m2\repository\org\checkerframework\checker-qual\3.42.0\checker-qual-3.42.0.jar;C:\Users\user\.m2\repository\com\google\errorprone\error_prone_annotations\2.26.1\error_prone_annotations-2.26.1.jar;C:\Users\user\.m2\repository\com\google\j2objc\j2objc-annotations\3.0.0\j2objc-annotations-3.0.0.jar;C:\Users\user\.m2\repository\io\opentelemetry\semconv\opentelemetry-semconv\1.25.0-alpha\opentelemetry-semconv-1.25.0-alpha.jar;C:\Users\user\.m2\repository\io\opentelemetry\opentelemetry-api\1.38.0\opentelemetry-api-1.38.0.jar;C:\Users\user\.m2\repository\io\opentelemetry\opentelemetry-context\1.38.0\opentelemetry-context-1.38.0.jar;C:\Users\user\.m2\repository\io\opentelemetry\opentelemetry-exporter-logging\1.38.0\opentelemetry-exporter-logging-1.38.0.jar;C:\Users\user\.m2\repository\io\opentelemetry\opentelemetry-sdk-common\1.38.0\opentelemetry-sdk-common-1.38.0.jar;C:\Users\user\.m2\repository\io\opentelemetry\opentelemetry-sdk-extension-autoconfigure-spi\1.38.0\opentelemetry-sdk-extension-autoconfigure-spi-1.38.0.jar;C:\Users\user\.m2\repository\io\opentelemetry\opentelemetry-sdk-extension-autoconfigure\1.38.0\opentelemetry-sdk-extension-autoconfigure-1.38.0.jar;C:\Users\user\.m2\repository\io\opentelemetry\opentelemetry-api-incubator\1.38.0-alpha\opentelemetry-api-incubator-1.38.0-alpha.jar;C:\Users\user\.m2\repository\io\opentelemetry\opentelemetry-sdk-trace\1.38.0\opentelemetry-sdk-trace-1.38.0.jar;C:\Users\user\.m2\repository\io\opentelemetry\opentelemetry-sdk\1.38.0\opentelemetry-sdk-1.38.0.jar;C:\Users\user\.m2\repository\io\opentelemetry\opentelemetry-sdk-metrics\1.38.0\opentelemetry-sdk-metrics-1.38.0.jar;C:\Users\user\.m2\repository\io\opentelemetry\opentelemetry-sdk-logs\1.38.0\opentelemetry-sdk-logs-1.38.0.jar;C:\Users\user\.m2\repository\net\bytebuddy\byte-buddy\1.14.15\byte-buddy-1.14.15.jar;C:\Users\user\.m2\repository\org\seleniumhq\selenium\selenium-os\4.21.0\selenium-os-4.21.0.jar;C:\Users\user\.m2\repository\org\apache\commons\commons-exec\1.4.0\commons-exec-1.4.0.jar;C:\Users\user\.m2\repository\org\seleniumhq\selenium\selenium-safari-driver\4.21.0\selenium-safari-driver-4.21.0.jar;C:\Users\user\.m2\repository\org\seleniumhq\selenium\selenium-support\4.21.0\selenium-support-4.21.0.jar;C:\Users\user\.m2\repository\org\testng\testng\6.14.3\testng-6.14.3.jar;C:\Users\user\.m2\repository\com\beust\jcommander\1.72\jcommander-1.72.jar;C:\Users\user\.m2\repository\org\apache-extras\beanshell\bsh\2.0b6\bsh-2.0b6.jar;C:\Users\user\.m2\repository\org\apache\poi\poi\3.17\poi-3.17.jar;C:\Users\user\.m2\repository\commons-codec\commons-codec\1.10\commons-codec-1.10.jar;C:\Users\user\.m2\repository\org\apache\commons\commons-collections4\4.1\commons-collections4-4.1.jar;C:\Users\user\.m2\repository\org\apache\poi\poi-ooxml\3.17\poi-ooxml-3.17.jar;C:\Users\user\.m2\repository\org\apache\poi\poi-ooxml-schemas\3.17\poi-ooxml-schemas-3.17.jar;C:\Users\user\.m2\repository\org\apache\xmlbeans\xmlbeans\2.6.0\xmlbeans-2.6.0.jar;C:\Users\user\.m2\repository\stax\stax-api\1.0.1\stax-api-1.0.1.jar;C:\Users\user\.m2\repository\com\github\virtuald\curvesapi\1.04\curvesapi-1.04.jar;C:\Users\user\.m2\repository\com\aventstack\extentreports\3.1.2\extentreports-3.1.2.jar;C:\Users\user\.m2\repository\org\freemarker\freemarker\2.3.23\freemarker-2.3.23.jar;C:\Users\user\.m2\repository\org\mongodb\mongodb-driver\3.3.0\mongodb-driver-3.3.0.jar;C:\Users\user\.m2\repository\org\mongodb\bson\3.3.0\bson-3.3.0.jar;C:\Users\user\.m2\repository\org\mongodb\mongodb-driver-core\3.3.0\mongodb-driver-core-3.3.0.jar;C:\Users\user\.m2\repository\org\apache\httpcomponents\httpclient\4.5.2\httpclient-4.5.2.jar;C:\Users\user\.m2\repository\org\apache\httpcomponents\httpcore\4.4.4\httpcore-4.4.4.jar;C:\Users\user\.m2\repository\commons-logging\commons-logging\1.2\commons-logging-1.2.jar;C:\Users\user\.m2\repository\org\apache\httpcomponents\httpmime\4.5.2\httpmime-4.5.2.jar;C:\Users\user\.m2\repository\org\jsoup\jsoup\1.9.2\jsoup-1.9.2.jar;C:\Users\user\.m2\repository\com\google\code\gson\gson\2.8.0\gson-2.8.0.jar;C:\Users\user\.m2\repository\org\apache\commons\commons-lang3\3.0\commons-lang3-3.0.jar;C:\Users\user\.m2\repository\commons-io\commons-io\1.3.2\commons-io-1.3.2.jar;C:\Users\user\.m2\repository\log4j\log4j\1.2.17\log4j-1.2.17.jar;"/>
    <property name="sun.cpu.endian" value="little"/>
    <property name="user.home" value="C:\Users\user"/>
    <property name="user.language" value="en"/>
    <property name="java.specification.vendor" value="Oracle Corporation"/>
    <property name="java.version.date" value="2024-01-16"/>
    <property name="java.home" value="C:\Program Files\Java\jdk-17"/>
    <property name="file.separator" value="\"/>
    <property name="style.color" value="always"/>
    <property name="basedir" value="D:\My Job\QA Engineer\Template for QA Project\Template Code Framework Selenium\Original Source\LumaStoreProject"/>
    <property name="java.vm.compressedOopsMode" value="32-bit"/>
    <property name="line.separator" value="&#10;"/>
    <property name="java.vm.specification.vendor" value="Oracle Corporation"/>
    <property name="java.specification.name" value="Java Platform API Specification"/>
    <property name="surefire.real.class.path" value="C:\Users\user\AppData\Local\Temp\surefire6642967964586011525\surefirebooter-20240601150527640_3.jar"/>
    <property name="user.script" value=""/>
    <property name="sun.management.compiler" value="HotSpot 64-Bit Tiered Compilers"/>
    <property name="java.runtime.version" value="17.0.10+11-LTS-240"/>
    <property name="user.name" value="user"/>
    <property name="path.separator" value=";"/>
    <property name="os.version" value="10.0"/>
    <property name="java.runtime.name" value="Java(TM) SE Runtime Environment"/>
    <property name="file.encoding" value="Cp1252"/>
    <property name="java.vm.name" value="Java HotSpot(TM) 64-Bit Server VM"/>
    <property name="localRepository" value="C:\Users\user\.m2\repository"/>
    <property name="java.vendor.url.bug" value="https://bugreport.java.com/bugreport/"/>
    <property name="java.io.tmpdir" value="C:\Users\user\AppData\Local\Temp\"/>
    <property name="java.version" value="17.0.10"/>
    <property name="user.dir" value="D:\My Job\QA Engineer\Template for QA Project\Template Code Framework Selenium\Original Source\LumaStoreProject"/>
    <property name="os.arch" value="amd64"/>
    <property name="java.vm.specification.name" value="Java Virtual Machine Specification"/>
    <property name="sun.os.patch.level" value=""/>
    <property name="native.encoding" value="Cp1252"/>
    <property name="java.library.path" value="C:\Program Files\Java\jdk-17\bin;C:\WINDOWS\Sun\Java\bin;C:\WINDOWS\system32;C:\WINDOWS;C:\Program Files\Common Files\Oracle\Java\javapath;C:\WINDOWS\system32;C:\WINDOWS;C:\WINDOWS\System32\Wbem;C:\WINDOWS\System32\WindowsPowerShell\v1.0\;C:\WINDOWS\System32\OpenSSH\;C:\xampp\php;C:\src\flutter\bin;C:\src\dart-sdk\bin;C:\Program Files\Microsoft VS Code\bin;D:\Installed Apps\runtime\win64;D:\Installed Apps\bin;D:\Installed Apps\polyspace\bin;C:\Program Files\nodejs\;C:\Program Files\Git\cmd;C:\ProgramData\ComposerSetup\bin;C:\Users\user\AppData\Roaming\Microsoft\Windows\Start Menu\Programs\Python 3.11;C:\Program Files\Java\jdk-17\bin;D:\Apps\apache-maven-3.9.6\bin;C:\Users\user\AppData\Local\Programs\Python\Python311\Scripts\;C:\Users\user\AppData\Local\Programs\Python\Python311\;C:\Users\user\AppData\Local\Microsoft\WindowsApps;C:\src\flutter\bin;C:\src\dart-sdk\bin;C:\Users\user\AppData\Roaming\npm;C:\Users\user\AppData\Roaming\Composer\vendor\bin;C:\Program Files\JetBrains\IntelliJ IDEA Community Edition 2023.3.4\bin;;C:\Program Files\Java\jdk-17;;."/>
    <property name="java.vm.info" value="mixed mode, sharing"/>
    <property name="java.vendor" value="Oracle Corporation"/>
    <property name="java.vm.version" value="17.0.10+11-LTS-240"/>
    <property name="sun.io.unicode.encoding" value="UnicodeLittle"/>
    <property name="java.class.version" value="61.0"/>
  </properties>
  <testcase name="indexPageTest" classname="com.luma.testcases.TC_IndexPageTest" time="1.296">
    <system-out><![CDATA[ INFO [main] (TC_IndexPageTest.java:19)- URL is opened
 INFO [main] (TC_IndexPageTest.java:24)- Logo is displayed
 INFO [main] (TC_IndexPageTest.java:27)- Sign In Button is displayed
 INFO [main] (TC_IndexPageTest.java:30)- Create an Account Button is displayed
 INFO [main] (TC_IndexPageTest.java:33)- Support Button is displayed
 INFO [main] (TC_IndexPageTest.java:38)- Index Page Test is passed
]]></system-out>
  </testcase>
  <testcase name="loginPageTest" classname="com.luma.testcases.TC_LoginPageTest" time="16.998">
    <system-out><![CDATA[ INFO [main] (TC_LoginPageTest.java:20)- URL is opened
 INFO [main] (TC_LoginPageTest.java:25)- Sign In Button is clicked
 INFO [main] (TC_LoginPageTest.java:31)- Email is entered
 INFO [main] (TC_LoginPageTest.java:35)- Password is entered
 INFO [main] (TC_LoginPageTest.java:39)- Sign In Button is clicked
 INFO [main] (TC_LoginPageTest.java:45)- User is loged In
 INFO [main] (TC_LoginPageTest.java:46)- Login Page Test is passed
]]></system-out>
  </testcase>
  <testcase name="homePageTest" classname="com.luma.testcases.TC_HomePageTest" time="17.513">
    <system-out><![CDATA[ INFO [main] (TC_HomePageTest.java:21)- URL is opened
 INFO [main] (TC_HomePageTest.java:26)- Sign In Button is clicked
 INFO [main] (TC_HomePageTest.java:27)- User is on Login Page
 INFO [main] (TC_HomePageTest.java:33)- Email is entered
 INFO [main] (TC_HomePageTest.java:37)- Password is entered
 INFO [main] (TC_HomePageTest.java:41)- Sign In Button is clicked
 INFO [main] (TC_HomePageTest.java:42)- User is loged In
 INFO [main] (TC_HomePageTest.java:48)- Welcome Text is displayed
 INFO [main] (TC_HomePageTest.java:51)- Header Menu is displayed
 INFO [main] (TC_HomePageTest.java:56)- Home Page Test is passed
]]></system-out>
  </testcase>
  <testcase name="searchResultPageTest" classname="com.luma.testcases.TC_SearchResultPageTest" time="35.386">
    <system-out><![CDATA[ INFO [main] (TC_SearchResultPageTest.java:22)- URL is opened
 INFO [main] (TC_SearchResultPageTest.java:27)- Sign In Button is clicked
 INFO [main] (TC_SearchResultPageTest.java:28)- User is on Login Page
 INFO [main] (TC_SearchResultPageTest.java:34)- Email is entered
 INFO [main] (TC_SearchResultPageTest.java:38)- Password is entered
 INFO [main] (TC_SearchResultPageTest.java:42)- Sign In Button is clicked
 INFO [main] (TC_SearchResultPageTest.java:43)- User is loged In
 INFO [main] (TC_SearchResultPageTest.java:49)- Product name is entered
 INFO [main] (TC_SearchResultPageTest.java:53)- Search Result Page is opened
 INFO [main] (TC_SearchResultPageTest.java:59)- List of Product is displayed
 INFO [main] (TC_SearchResultPageTest.java:62)- Product Image is displayed
 INFO [main] (TC_SearchResultPageTest.java:65)- Product Name is displayed
 INFO [main] (TC_SearchResultPageTest.java:68)- Product Price is displayed
 INFO [main] (TC_SearchResultPageTest.java:71)- First Product Size is choosed
 INFO [main] (TC_SearchResultPageTest.java:75)- First Product Color is choosed
 INFO [main] (TC_SearchResultPageTest.java:79)- First Add to Cart Button is clicked
 INFO [main] (TC_SearchResultPageTest.java:83)- Second Product Size is choosed
 INFO [main] (TC_SearchResultPageTest.java:87)- Second Product Color is choosed
 INFO [main] (TC_SearchResultPageTest.java:91)- Second Add to Cart Button is clicked
 INFO [main] (TC_SearchResultPageTest.java:95)- Third Product Size is choosed
 INFO [main] (TC_SearchResultPageTest.java:99)- Third Product Color is choosed
 INFO [main] (TC_SearchResultPageTest.java:103)- Third Add to Cart Button is clicked
 INFO [main] (TC_SearchResultPageTest.java:110)- Search Result Page Test is passed
]]></system-out>
  </testcase>
  <testcase name="shoppingCartPageTest" classname="com.luma.testcases.TC_ShoppingCartPageTest" time="42.991">
    <system-out><![CDATA[ INFO [main] (TC_ShoppingCartPageTest.java:22)- URL is opened
 INFO [main] (TC_ShoppingCartPageTest.java:27)- Sign In Button is clicked
 INFO [main] (TC_ShoppingCartPageTest.java:28)- User is on Login Page
 INFO [main] (TC_ShoppingCartPageTest.java:34)- Email is entered
 INFO [main] (TC_ShoppingCartPageTest.java:38)- Password is entered
 INFO [main] (TC_ShoppingCartPageTest.java:42)- Sign In Button is clicked
 INFO [main] (TC_ShoppingCartPageTest.java:43)- User is loged In
 INFO [main] (TC_ShoppingCartPageTest.java:49)- Cart is opened
 INFO [main] (TC_ShoppingCartPageTest.java:53)- Shopping Cart Page is opened
 INFO [main] (TC_ShoppingCartPageTest.java:59)- Counter Number is displayed
 INFO [main] (TC_ShoppingCartPageTest.java:62)- Product Image is displayed
 INFO [main] (TC_ShoppingCartPageTest.java:65)- Product Detail is displayed
 INFO [main] (TC_ShoppingCartPageTest.java:68)- Product Quantity is displayed
 INFO [main] (TC_ShoppingCartPageTest.java:71)- Subtotal Price is displayed
 INFO [main] (TC_ShoppingCartPageTest.java:74)- Second Product is moved to wishlist
 INFO [main] (TC_ShoppingCartPageTest.java:78)- Third Product is removed
 INFO [main] (TC_ShoppingCartPageTest.java:82)- Order Summary is displayed
 INFO [main] (TC_ShoppingCartPageTest.java:85)- Total Price is displayed
 INFO [main] (TC_ShoppingCartPageTest.java:91)- Shopping Cart Page Test is passed
]]></system-out>
  </testcase>
  <testcase name="myWishListPageTest" classname="com.luma.testcases.TC_MyWishListPageTest" time="34.409">
    <system-out><![CDATA[ INFO [main] (TC_MyWishListPageTest.java:22)- URL is opened
 INFO [main] (TC_MyWishListPageTest.java:27)- Sign In Button is clicked
 INFO [main] (TC_MyWishListPageTest.java:28)- User is on Login Page
 INFO [main] (TC_MyWishListPageTest.java:34)- Email is entered
 INFO [main] (TC_MyWishListPageTest.java:38)- Password is entered
 INFO [main] (TC_MyWishListPageTest.java:42)- Sign In Button is clicked
 INFO [main] (TC_MyWishListPageTest.java:43)- User is loged In
 INFO [main] (TC_MyWishListPageTest.java:49)- Profile Menu is clicked
 INFO [main] (TC_MyWishListPageTest.java:53)- My Wishlist Page is opened
 INFO [main] (TC_MyWishListPageTest.java:59)- Wishlist Product is displayed
 INFO [main] (TC_MyWishListPageTest.java:63)- Wishlist Product is removed
 INFO [main] (TC_MyWishListPageTest.java:69)- My Wishlist Page Page Test is passed
]]></system-out>
  </testcase>
  <testcase name="checkoutPageTest" classname="com.luma.testcases.TC_CheckoutPageTest" time="58.853">
    <system-out><![CDATA[ INFO [main] (TC_CheckoutPageTest.java:22)- URL is opened
 INFO [main] (TC_CheckoutPageTest.java:27)- Sign In Button is clicked
 INFO [main] (TC_CheckoutPageTest.java:28)- User is on Login Page
 INFO [main] (TC_CheckoutPageTest.java:34)- Email is entered
 INFO [main] (TC_CheckoutPageTest.java:38)- Password is entered
 INFO [main] (TC_CheckoutPageTest.java:42)- Sign In Button is clicked
 INFO [main] (TC_CheckoutPageTest.java:43)- User is loged In
 INFO [main] (TC_CheckoutPageTest.java:49)- Cart is opened
 INFO [main] (TC_CheckoutPageTest.java:53)- Checkout Page is opened
 INFO [main] (TC_CheckoutPageTest.java:59)- Order Summary is displayed
 INFO [main] (TC_CheckoutPageTest.java:62)- Street is entered
 INFO [main] (TC_CheckoutPageTest.java:66)- City is entered
 INFO [main] (TC_CheckoutPageTest.java:70)- Province is selected
 INFO [main] (TC_CheckoutPageTest.java:74)- Postcode is entered
 INFO [main] (TC_CheckoutPageTest.java:78)- Phone Number is entered
 INFO [main] (TC_CheckoutPageTest.java:82)- Shipping Method is selected
 INFO [main] (TC_CheckoutPageTest.java:86)- Next button is clicked
 INFO [main] (TC_CheckoutPageTest.java:90)- Place Order button is clicked
 INFO [main] (TC_CheckoutPageTest.java:97)- Checkout Page Test is passed
]]></system-out>
  </testcase>
</testsuite>