<?xml version="1.0" encoding="UTF-8"?>
<!-- Generated by org.testng.reporters.JUnitReportReporter -->
<testsuite hostname="DESKTOP-88A1DLB" failures="0" tests="1" name="com.luma.testcases.TC_HomePageTest" time="17.797" errors="0" timestamp="2024-06-01T14:35:26 WIB" skipped="0">
  <testcase classname="com.luma.testcases.TC_HomePageTest" name="homePageTest" time="17.797"/>
  <system-out/>
</testsuite> <!-- com.luma.testcases.TC_HomePageTest -->
