<?xml version="1.0" encoding="UTF-8"?>
<!-- Generated by org.testng.reporters.JUnitReportReporter -->
<testsuite hostname="DESKTOP-88A1DLB" failures="0" tests="1" name="com.luma.testcases.TC_LoginPageTest" time="16.996" errors="0" timestamp="01 Jun 2024 08:09:34 GMT" skipped="0">
  <testcase classname="com.luma.testcases.TC_LoginPageTest" name="loginPageTest" time="16.996"/>
</testsuite> <!-- com.luma.testcases.TC_LoginPageTest -->
